#-----------------------------------------------------------
# PlanAhead v14.7 (64-bit)
# Build 321239 by xbuild on Fri Sep 27 19:29:51 MDT 2013
# Start of session at: Wed Apr 19 14:59:47 2017
# Process ID: 9848
# Log file: C:/Users/bill/FPGA/myVGA/planAhead_run_2/planAhead.log
# Journal file: C:/Users/bill/FPGA/myVGA/planAhead_run_2/planAhead.jou
#-----------------------------------------------------------
INFO: [Common 17-78] Attempting to get a license: PlanAhead
INFO: [Common 17-290] Got license for PlanAhead
INFO: [Device 21-36] Loading parts and site information from C:/Xilinx/14.7/ISE_DS/PlanAhead/data/parts/arch.xml
Parsing RTL primitives file [C:/Xilinx/14.7/ISE_DS/PlanAhead/data/parts/xilinx/rtl/prims/rtl_prims.xml]
Finished parsing RTL primitives file [C:/Xilinx/14.7/ISE_DS/PlanAhead/data/parts/xilinx/rtl/prims/rtl_prims.xml]
start_gui
source C:/Users/bill/FPGA/myVGA/pa.fromHdl.tcl
# create_project -name myVGA -dir "C:/Users/bill/FPGA/myVGA/planAhead_run_2" -part xc6slx9ftg256-2
create_project: Time (s): elapsed = 00:00:08 . Memory (MB): peak = 469.387 ; gain = 68.473
# set_param project.pinAheadLayout yes
# set srcset [get_property srcset [current_run -impl]]
# set_property target_constrs_file "myVGA.ucf" [current_fileset -constrset]
Adding file 'C:/Users/bill/FPGA/myVGA/myVGA.ucf' to fileset 'constrs_1'
# set hdlfile [add_files [list {ipcore_dir/myPLL.v}]]
# set_property file_type Verilog $hdlfile
# set_property library work $hdlfile
# set hdlfile [add_files [list {myVGA.v}]]
# set_property file_type Verilog $hdlfile
# set_property library work $hdlfile
# set_property top myVGA $srcset
# add_files [list {myVGA.ucf}] -fileset [get_property constrset [current_run]]
# open_rtl_design -part xc6slx9ftg256-2
Using Verific elaboration
Parsing VHDL file "C:/Xilinx/14.7/ISE_DS/PlanAhead/data/parts/xilinx/rtl/lib/synplify/synattr.vhd" into library synplify
Analyzing Verilog file "C:/Users/bill/FPGA/myVGA/ipcore_dir/myPLL.v" into library work
Analyzing Verilog file "C:/Users/bill/FPGA/myVGA/myVGA.v" into library work
Loading clock regions from C:/Xilinx/14.7/ISE_DS/PlanAhead/data\parts/xilinx/spartan6/spartan6lx/xc6slx9/ClockRegion.xml
Loading clock buffers from C:/Xilinx/14.7/ISE_DS/PlanAhead/data\parts/xilinx/spartan6/spartan6lx/xc6slx9/ClockBuffers.xml
Loading package pin functions from C:/Xilinx/14.7/ISE_DS/PlanAhead/data\parts/xilinx/spartan6/PinFunctions.xml...
Loading package from C:/Xilinx/14.7/ISE_DS/PlanAhead/data\parts/xilinx/spartan6/spartan6lx/xc6slx9/ftg256/Package.xml
Loading io standards from C:/Xilinx/14.7/ISE_DS/PlanAhead/data\./parts/xilinx/spartan6/IOStandards.xml
Loading device configuration modes from C:/Xilinx/14.7/ISE_DS/PlanAhead/data\parts/xilinx/spartan6/ConfigModes.xml
Loading list of drcs for the architecture : C:/Xilinx/14.7/ISE_DS/PlanAhead/data\./parts/xilinx/spartan6/drc.xml
Parsing UCF File [C:/Users/bill/FPGA/myVGA/myVGA.ucf]
Finished Parsing UCF File [C:/Users/bill/FPGA/myVGA/myVGA.ucf]
INFO: [Project 1-111] Unisim Transformation Summary:
No Unisim elements were transformed.

Phase 0 | Netlist Checksum: 70308803
open_rtl_design: Time (s): elapsed = 00:00:35 . Memory (MB): peak = 641.801 ; gain = 170.320
update_compile_order -fileset sim_1
exit
ERROR: [PlanAhead 12-106] *** Exception: ui.h.b: Found deleted key in HTclEventBroker. Verify if the classes listed here call cleanup()
HTclEvent: SIGNAL_BUS_MODIFY   Classes: ui.views.aR 
HTclEvent: SIGNAL_MODIFY   Classes: ui.views.aR 
HTclEvent: DEBUG_PORT_CONFIG_CHANGE   Classes: ui.views.aR 
HTclEvent: DEBUG_CORE_CONFIG_CHANGE   Classes: ui.views.aR 
 (See C:/Users/bill/FPGA/myVGA\planAhead_pid9848.debug)
ERROR: [Common 17-39] 'stop_gui' failed due to earlier errors.
INFO: [Common 17-206] Exiting PlanAhead at Wed Apr 19 15:10:00 2017...
INFO: [Common 17-83] Releasing license: PlanAhead
